{"C:\\Mali\\Test-Migdal\\gov-garages-backend\\server.ts": {"path":"C:\\Mali\\Test-Migdal\\gov-garages-backend\\server.ts","statementMap":{"0":{"start":{"line":1,"column":0},"end":{"line":1,"column":67}},"1":{"start":{"line":2,"column":0},"end":{"line":2,"column":28}},"2":{"start":{"line":3,"column":13},"end":{"line":3,"column":28}},"3":{"start":{"line":4,"column":0},"end":{"line":4,"column":49}},"4":{"start":{"line":8,"column":0},"end":{"line":8,"column":16}},"5":{"start":{"line":10,"column":25},"end":{"line":10,"column":34}},"6":{"start":{"line":12,"column":13},"end":{"line":12,"column":37}},"7":{"start":{"line":14,"column":18},"end":{"line":16,"column":2}},"8":{"start":{"line":18,"column":0},"end":{"line":18,"column":27}},"9":{"start":{"line":21,"column":0},"end":{"line":21,"column":24}},"10":{"start":{"line":24,"column":0},"end":{"line":24,"column":48}},"11":{"start":{"line":28,"column":0},"end":{"line":30,"column":3}},"12":{"start":{"line":29,"column":2},"end":{"line":29,"column":53}},"13":{"start":{"line":33,"column":0},"end":{"line":33,"column":32}},"14":{"start":{"line":36,"column":0},"end":{"line":38,"column":3}},"15":{"start":{"line":37,"column":2},"end":{"line":37,"column":60}},"16":{"start":{"line":40,"column":0},"end":{"line":40,"column":19}}},"fnMap":{"0":{"name":"(anonymous_1)","decl":{"start":{"line":28,"column":13},"end":{"line":28,"column":14}},"loc":{"start":{"line":28,"column":45},"end":{"line":30,"column":1}}},"1":{"name":"(anonymous_2)","decl":{"start":{"line":36,"column":17},"end":{"line":36,"column":20}},"loc":{"start":{"line":36,"column":22},"end":{"line":38,"column":1}}}},"branchMap":{"0":{"loc":{"start":{"line":12,"column":13},"end":{"line":12,"column":37}},"type":"binary-expr","locations":[{"start":{"line":12,"column":13},"end":{"line":12,"column":29}},{"start":{"line":12,"column":33},"end":{"line":12,"column":37}}]}},"s":{"0":1,"1":1,"2":1,"3":1,"4":1,"5":1,"6":1,"7":1,"8":1,"9":1,"10":1,"11":1,"12":0,"13":1,"14":1,"15":1,"16":1},"f":{"0":0,"1":1},"b":{"0":[1,0]}}
,"C:\\Mali\\Test-Migdal\\gov-garages-backend\\app\\routes\\garages.routes.ts": {"path":"C:\\Mali\\Test-Migdal\\gov-garages-backend\\app\\routes\\garages.routes.ts","statementMap":{"0":{"start":{"line":1,"column":0},"end":{"line":1,"column":30}},"1":{"start":{"line":2,"column":0},"end":{"line":2,"column":null}},"2":{"start":{"line":8,"column":15},"end":{"line":8,"column":31}},"3":{"start":{"line":10,"column":0},"end":{"line":17,"column":3}},"4":{"start":{"line":11,"column":2},"end":{"line":16,"column":3}},"5":{"start":{"line":12,"column":27},"end":{"line":12,"column":47}},"6":{"start":{"line":13,"column":4},"end":{"line":13,"column":29}},"7":{"start":{"line":15,"column":4},"end":{"line":15,"column":46}},"8":{"start":{"line":19,"column":0},"end":{"line":26,"column":3}},"9":{"start":{"line":20,"column":2},"end":{"line":25,"column":3}},"10":{"start":{"line":21,"column":27},"end":{"line":21,"column":57}},"11":{"start":{"line":22,"column":4},"end":{"line":22,"column":29}},"12":{"start":{"line":24,"column":4},"end":{"line":24,"column":46}},"13":{"start":{"line":28,"column":0},"end":{"line":35,"column":3}},"14":{"start":{"line":29,"column":2},"end":{"line":34,"column":3}},"15":{"start":{"line":30,"column":27},"end":{"line":30,"column":51}},"16":{"start":{"line":31,"column":4},"end":{"line":31,"column":29}},"17":{"start":{"line":33,"column":4},"end":{"line":33,"column":46}},"18":{"start":{"line":37,"column":0},"end":{"line":37,"column":22}}},"fnMap":{"0":{"name":"(anonymous_1)","decl":{"start":{"line":10,"column":28},"end":{"line":10,"column":33}},"loc":{"start":{"line":10,"column":47},"end":{"line":17,"column":1}}},"1":{"name":"(anonymous_2)","decl":{"start":{"line":19,"column":26},"end":{"line":19,"column":31}},"loc":{"start":{"line":19,"column":45},"end":{"line":26,"column":1}}},"2":{"name":"(anonymous_3)","decl":{"start":{"line":28,"column":26},"end":{"line":28,"column":31}},"loc":{"start":{"line":28,"column":45},"end":{"line":35,"column":1}}}},"branchMap":{},"s":{"0":1,"1":1,"2":1,"3":1,"4":1,"5":1,"6":1,"7":0,"8":1,"9":0,"10":0,"11":0,"12":0,"13":1,"14":0,"15":0,"16":0,"17":0,"18":1},"f":{"0":1,"1":0,"2":0},"b":{}}
}
